0 info it worked if it ends with ok
1 verbose cli [ '/home/peter/.nvm/versions/node/v5.11.1/bin/node',
1 verbose cli   '/home/peter/.nvm/versions/node/v5.11.1/bin/npm',
1 verbose cli   'start' ]
2 info using npm@3.10.3
3 info using node@v5.11.1
4 verbose config Skipping project config: /home/peter/.npmrc. (matches userconfig)
5 verbose stack Error: ENOENT: no such file or directory, open '/home/peter/package.json'
5 verbose stack     at Error (native)
6 verbose cwd /home/peter/portfolio/infinivid_v2
7 error Linux 4.4.0-28-generic
8 error argv "/home/peter/.nvm/versions/node/v5.11.1/bin/node" "/home/peter/.nvm/versions/node/v5.11.1/bin/npm" "start"
9 error node v5.11.1
10 error npm  v3.10.3
11 error path /home/peter/package.json
12 error code ENOENT
13 error errno -2
14 error syscall open
15 error enoent ENOENT: no such file or directory, open '/home/peter/package.json'
16 error enoent ENOENT: no such file or directory, open '/home/peter/package.json'
16 error enoent This is most likely not a problem with npm itself
16 error enoent and is related to npm not being able to find a file.
17 verbose exit [ -2, true ]
